[exp11] 6 bundled instances

[exp11] n005w4 H0 W[1, 2, 3, 3]
  start=greedy bandit=linucb rounds=0 P0=4990 -> 4990 (Δ=+0)
  start=greedy bandit=linucb rounds=50 P0=4990 -> 4815 (Δ=+175)
  start=greedy bandit=linucb rounds=100 P0=4990 -> 4465 (Δ=+525)
  start=greedy bandit=linucb rounds=250 P0=4990 -> 4180 (Δ=+810)
  start=greedy bandit=linucb rounds=500 P0=4990 -> 3735 (Δ=+1255)
  start=greedy bandit=linucb rounds=1000 P0=4990 -> 3755 (Δ=+1235)
  start=greedy bandit=uniform rounds=0 P0=4990 -> 4990 (Δ=+0)
  start=greedy bandit=uniform rounds=50 P0=4990 -> 4290 (Δ=+700)
  start=greedy bandit=uniform rounds=100 P0=4990 -> 4770 (Δ=+220)
  start=greedy bandit=uniform rounds=250 P0=4990 -> 4070 (Δ=+920)
  start=greedy bandit=uniform rounds=500 P0=4990 -> 4035 (Δ=+955)
  start=greedy bandit=uniform rounds=1000 P0=4990 -> 4190 (Δ=+800)
  start=mid bandit=linucb rounds=0 P0=4295 -> 4295 (Δ=+0)
  start=mid bandit=linucb rounds=50 P0=4295 -> 3870 (Δ=+425)
  start=mid bandit=linucb rounds=100 P0=4295 -> 3890 (Δ=+405)
  start=mid bandit=linucb rounds=250 P0=4295 -> 3680 (Δ=+615)
  start=mid bandit=linucb rounds=500 P0=4295 -> 3590 (Δ=+705)
  start=mid bandit=linucb rounds=1000 P0=4295 -> 3590 (Δ=+705)
  start=mid bandit=uniform rounds=0 P0=4295 -> 4295 (Δ=+0)
  start=mid bandit=uniform rounds=50 P0=4295 -> 4210 (Δ=+85)
  start=mid bandit=uniform rounds=100 P0=4295 -> 4280 (Δ=+15)
  start=mid bandit=uniform rounds=250 P0=4295 -> 4580 (Δ=-285)
  start=mid bandit=uniform rounds=500 P0=4295 -> 3890 (Δ=+405)
  start=mid bandit=uniform rounds=1000 P0=4295 -> 3625 (Δ=+670)
  start=bandp bandit=linucb rounds=0 P0=1695 -> 1695 (Δ=+0)
  start=bandp bandit=linucb rounds=50 P0=1695 -> 1950 (Δ=-255)
  start=bandp bandit=linucb rounds=100 P0=1695 -> 1950 (Δ=-255)
  start=bandp bandit=linucb rounds=250 P0=1695 -> 2200 (Δ=-505)
  start=bandp bandit=linucb rounds=500 P0=1695 -> 2265 (Δ=-570)
  start=bandp bandit=linucb rounds=1000 P0=1695 -> 2110 (Δ=-415)
  start=bandp bandit=uniform rounds=0 P0=1695 -> 1695 (Δ=+0)
  start=bandp bandit=uniform rounds=50 P0=1695 -> 2705 (Δ=-1010)
  start=bandp bandit=uniform rounds=100 P0=1695 -> 2940 (Δ=-1245)
  start=bandp bandit=uniform rounds=250 P0=1695 -> 2800 (Δ=-1105)
  start=bandp bandit=uniform rounds=500 P0=1695 -> 3420 (Δ=-1725)
  start=bandp bandit=uniform rounds=1000 P0=1695 -> 3190 (Δ=-1495)
  start=greedy bandit=linucb rounds=0 P0=4990 -> 4990 (Δ=+0)
  start=greedy bandit=linucb rounds=50 P0=4990 -> 4815 (Δ=+175)
  start=greedy bandit=linucb rounds=100 P0=4990 -> 4470 (Δ=+520)
  start=greedy bandit=linucb rounds=250 P0=4990 -> 4100 (Δ=+890)
  start=greedy bandit=linucb rounds=500 P0=4990 -> 3935 (Δ=+1055)
  start=greedy bandit=linucb rounds=1000 P0=4990 -> 3435 (Δ=+1555)
  start=greedy bandit=uniform rounds=0 P0=4990 -> 4990 (Δ=+0)
  start=greedy bandit=uniform rounds=50 P0=4990 -> 4930 (Δ=+60)
  start=greedy bandit=uniform rounds=100 P0=4990 -> 4305 (Δ=+685)
  start=greedy bandit=uniform rounds=250 P0=4990 -> 4050 (Δ=+940)
  start=greedy bandit=uniform rounds=500 P0=4990 -> 3315 (Δ=+1675)
  start=greedy bandit=uniform rounds=1000 P0=4990 -> 4095 (Δ=+895)
  start=mid bandit=linucb rounds=0 P0=3965 -> 3965 (Δ=+0)
  start=mid bandit=linucb rounds=50 P0=3965 -> 3965 (Δ=+0)
  start=mid bandit=linucb rounds=100 P0=3965 -> 3965 (Δ=+0)
  start=mid bandit=linucb rounds=250 P0=3965 -> 3550 (Δ=+415)
  start=mid bandit=linucb rounds=500 P0=3965 -> 3650 (Δ=+315)
  start=mid bandit=linucb rounds=1000 P0=3965 -> 3755 (Δ=+210)
  start=mid bandit=uniform rounds=0 P0=3965 -> 3965 (Δ=+0)
  start=mid bandit=uniform rounds=50 P0=3965 -> 4100 (Δ=-135)
  start=mid bandit=uniform rounds=100 P0=3965 -> 4325 (Δ=-360)
  start=mid bandit=uniform rounds=250 P0=3965 -> 3640 (Δ=+325)
  start=mid bandit=uniform rounds=500 P0=3965 -> 4005 (Δ=-40)
  start=mid bandit=uniform rounds=1000 P0=3965 -> 3495 (Δ=+470)
  start=bandp bandit=linucb rounds=0 P0=1695 -> 1695 (Δ=+0)
  start=bandp bandit=linucb rounds=50 P0=1695 -> 1950 (Δ=-255)
  start=bandp bandit=linucb rounds=100 P0=1695 -> 2010 (Δ=-315)
  start=bandp bandit=linucb rounds=250 P0=1695 -> 2120 (Δ=-425)
  start=bandp bandit=linucb rounds=500 P0=1695 -> 2260 (Δ=-565)
  start=bandp bandit=linucb rounds=1000 P0=1695 -> 2245 (Δ=-550)
  start=bandp bandit=uniform rounds=0 P0=1695 -> 1695 (Δ=+0)
  start=bandp bandit=uniform rounds=50 P0=1695 -> 2270 (Δ=-575)
  start=bandp bandit=uniform rounds=100 P0=1695 -> 2645 (Δ=-950)
  start=bandp bandit=uniform rounds=250 P0=1695 -> 3100 (Δ=-1405)
  start=bandp bandit=uniform rounds=500 P0=1695 -> 2545 (Δ=-850)
  start=bandp bandit=uniform rounds=1000 P0=1695 -> 2930 (Δ=-1235)
  start=greedy bandit=linucb rounds=0 P0=4990 -> 4990 (Δ=+0)
  start=greedy bandit=linucb rounds=50 P0=4990 -> 4710 (Δ=+280)
  start=greedy bandit=linucb rounds=100 P0=4990 -> 4520 (Δ=+470)
  start=greedy bandit=linucb rounds=250 P0=4990 -> 4010 (Δ=+980)
  start=greedy bandit=linucb rounds=500 P0=4990 -> 3960 (Δ=+1030)
  start=greedy bandit=linucb rounds=1000 P0=4990 -> 3935 (Δ=+1055)
  start=greedy bandit=uniform rounds=0 P0=4990 -> 4990 (Δ=+0)
  start=greedy bandit=uniform rounds=50 P0=4990 -> 4880 (Δ=+110)
  start=greedy bandit=uniform rounds=100 P0=4990 -> 4630 (Δ=+360)
  start=greedy bandit=uniform rounds=250 P0=4990 -> 4120 (Δ=+870)
  start=greedy bandit=uniform rounds=500 P0=4990 -> 4220 (Δ=+770)
  start=greedy bandit=uniform rounds=1000 P0=4990 -> 4000 (Δ=+990)
  start=mid bandit=linucb rounds=0 P0=4355 -> 4355 (Δ=+0)
  start=mid bandit=linucb rounds=50 P0=4355 -> 4355 (Δ=+0)
  start=mid bandit=linucb rounds=100 P0=4355 -> 4295 (Δ=+60)
  start=mid bandit=linucb rounds=250 P0=4355 -> 4160 (Δ=+195)
  start=mid bandit=linucb rounds=500 P0=4355 -> 4150 (Δ=+205)
  start=mid bandit=linucb rounds=1000 P0=4355 -> 4030 (Δ=+325)
  start=mid bandit=uniform rounds=0 P0=4355 -> 4355 (Δ=+0)
  start=mid bandit=uniform rounds=50 P0=4355 -> 4490 (Δ=-135)
  start=mid bandit=uniform rounds=100 P0=4355 -> 3925 (Δ=+430)
  start=mid bandit=uniform rounds=250 P0=4355 -> 3885 (Δ=+470)
  start=mid bandit=uniform rounds=500 P0=4355 -> 3695 (Δ=+660)
  start=mid bandit=uniform rounds=1000 P0=4355 -> 4035 (Δ=+320)
  start=bandp bandit=linucb rounds=0 P0=1695 -> 1695 (Δ=+0)
  start=bandp bandit=linucb rounds=50 P0=1695 -> 1950 (Δ=-255)
  start=bandp bandit=linucb rounds=100 P0=1695 -> 1950 (Δ=-255)
  start=bandp bandit=linucb rounds=250 P0=1695 -> 2355 (Δ=-660)
  start=bandp bandit=linucb rounds=500 P0=1695 -> 2215 (Δ=-520)
  start=bandp bandit=linucb rounds=1000 P0=1695 -> 2395 (Δ=-700)
  start=bandp bandit=uniform rounds=0 P0=1695 -> 1695 (Δ=+0)
  start=bandp bandit=uniform rounds=50 P0=1695 -> 3250 (Δ=-1555)
  start=bandp bandit=uniform rounds=100 P0=1695 -> 3785 (Δ=-2090)
  start=bandp bandit=uniform rounds=250 P0=1695 -> 3375 (Δ=-1680)
  start=bandp bandit=uniform rounds=500 P0=1695 -> 3535 (Δ=-1840)
  start=bandp bandit=uniform rounds=1000 P0=1695 -> 3440 (Δ=-1745)

[exp11] n005w4 H1 W[5, 3, 1, 0]
  start=greedy bandit=linucb rounds=0 P0=4775 -> 4775 (Δ=+0)
  start=greedy bandit=linucb rounds=50 P0=4775 -> 4320 (Δ=+455)
  start=greedy bandit=linucb rounds=100 P0=4775 -> 4065 (Δ=+710)
  start=greedy bandit=linucb rounds=250 P0=4775 -> 4290 (Δ=+485)
  start=greedy bandit=linucb rounds=500 P0=4775 -> 4045 (Δ=+730)
  start=greedy bandit=linucb rounds=1000 P0=4775 -> 3920 (Δ=+855)
  start=greedy bandit=uniform rounds=0 P0=4775 -> 4775 (Δ=+0)
  start=greedy bandit=uniform rounds=50 P0=4775 -> 5355 (Δ=-580)
  start=greedy bandit=uniform rounds=100 P0=4775 -> 5145 (Δ=-370)
  start=greedy bandit=uniform rounds=250 P0=4775 -> 4030 (Δ=+745)
  start=greedy bandit=uniform rounds=500 P0=4775 -> 3885 (Δ=+890)
  start=greedy bandit=uniform rounds=1000 P0=4775 -> 3660 (Δ=+1115)
  start=mid bandit=linucb rounds=0 P0=4230 -> 4230 (Δ=+0)
  start=mid bandit=linucb rounds=50 P0=4230 -> 4000 (Δ=+230)
  start=mid bandit=linucb rounds=100 P0=4230 -> 4000 (Δ=+230)
  start=mid bandit=linucb rounds=250 P0=4230 -> 4000 (Δ=+230)
  start=mid bandit=linucb rounds=500 P0=4230 -> 3950 (Δ=+280)
  start=mid bandit=linucb rounds=1000 P0=4230 -> 4130 (Δ=+100)
  start=mid bandit=uniform rounds=0 P0=4230 -> 4230 (Δ=+0)
  start=mid bandit=uniform rounds=50 P0=4230 -> 4280 (Δ=-50)
  start=mid bandit=uniform rounds=100 P0=4230 -> 4110 (Δ=+120)
  start=mid bandit=uniform rounds=250 P0=4230 -> 4290 (Δ=-60)
  start=mid bandit=uniform rounds=500 P0=4230 -> 4320 (Δ=-90)
  start=mid bandit=uniform rounds=1000 P0=4230 -> 4070 (Δ=+160)
  start=bandp bandit=linucb rounds=0 P0=2010 -> 2010 (Δ=+0)
  start=bandp bandit=linucb rounds=50 P0=2010 -> 2010 (Δ=+0)
  start=bandp bandit=linucb rounds=100 P0=2010 -> 2010 (Δ=+0)
  start=bandp bandit=linucb rounds=250 P0=2010 -> 2235 (Δ=-225)
  start=bandp bandit=linucb rounds=500 P0=2010 -> 2340 (Δ=-330)
  start=bandp bandit=linucb rounds=1000 P0=2010 -> 2835 (Δ=-825)
  start=bandp bandit=uniform rounds=0 P0=2010 -> 2010 (Δ=+0)
  start=bandp bandit=uniform rounds=50 P0=2010 -> 2680 (Δ=-670)
  start=bandp bandit=uniform rounds=100 P0=2010 -> 3020 (Δ=-1010)
  start=bandp bandit=uniform rounds=250 P0=2010 -> 3395 (Δ=-1385)
  start=bandp bandit=uniform rounds=500 P0=2010 -> 3260 (Δ=-1250)
  start=bandp bandit=uniform rounds=1000 P0=2010 -> 3220 (Δ=-1210)
  start=greedy bandit=linucb rounds=0 P0=4775 -> 4775 (Δ=+0)
  start=greedy bandit=linucb rounds=50 P0=4775 -> 4320 (Δ=+455)
  start=greedy bandit=linucb rounds=100 P0=4775 -> 4280 (Δ=+495)
  start=greedy bandit=linucb rounds=250 P0=4775 -> 3890 (Δ=+885)
  start=greedy bandit=linucb rounds=500 P0=4775 -> 3870 (Δ=+905)
  start=greedy bandit=linucb rounds=1000 P0=4775 -> 3925 (Δ=+850)
  start=greedy bandit=uniform rounds=0 P0=4775 -> 4775 (Δ=+0)
  start=greedy bandit=uniform rounds=50 P0=4775 -> 4655 (Δ=+120)
  start=greedy bandit=uniform rounds=100 P0=4775 -> 4885 (Δ=-110)
  start=greedy bandit=uniform rounds=250 P0=4775 -> 4560 (Δ=+215)
  start=greedy bandit=uniform rounds=500 P0=4775 -> 4425 (Δ=+350)
  start=greedy bandit=uniform rounds=1000 P0=4775 -> 3590 (Δ=+1185)
  start=mid bandit=linucb rounds=0 P0=4045 -> 4045 (Δ=+0)
  start=mid bandit=linucb rounds=50 P0=4045 -> 3740 (Δ=+305)
  start=mid bandit=linucb rounds=100 P0=4045 -> 3740 (Δ=+305)
  start=mid bandit=linucb rounds=250 P0=4045 -> 3725 (Δ=+320)
  start=mid bandit=linucb rounds=500 P0=4045 -> 4035 (Δ=+10)
  start=mid bandit=linucb rounds=1000 P0=4045 -> 3660 (Δ=+385)
  start=mid bandit=uniform rounds=0 P0=4045 -> 4045 (Δ=+0)
  start=mid bandit=uniform rounds=50 P0=4045 -> 3840 (Δ=+205)
  start=mid bandit=uniform rounds=100 P0=4045 -> 4080 (Δ=-35)
  start=mid bandit=uniform rounds=250 P0=4045 -> 4200 (Δ=-155)
  start=mid bandit=uniform rounds=500 P0=4045 -> 4480 (Δ=-435)
  start=mid bandit=uniform rounds=1000 P0=4045 -> 3500 (Δ=+545)
  start=bandp bandit=linucb rounds=0 P0=2010 -> 2010 (Δ=+0)
  start=bandp bandit=linucb rounds=50 P0=2010 -> 2010 (Δ=+0)
  start=bandp bandit=linucb rounds=100 P0=2010 -> 2010 (Δ=+0)
  start=bandp bandit=linucb rounds=250 P0=2010 -> 2280 (Δ=-270)
  start=bandp bandit=linucb rounds=500 P0=2010 -> 2575 (Δ=-565)
  start=bandp bandit=linucb rounds=1000 P0=2010 -> 2655 (Δ=-645)
  start=bandp bandit=uniform rounds=0 P0=2010 -> 2010 (Δ=+0)
  start=bandp bandit=uniform rounds=50 P0=2010 -> 2490 (Δ=-480)
  start=bandp bandit=uniform rounds=100 P0=2010 -> 2585 (Δ=-575)
  start=bandp bandit=uniform rounds=250 P0=2010 -> 2865 (Δ=-855)
  start=bandp bandit=uniform rounds=500 P0=2010 -> 3430 (Δ=-1420)
  start=bandp bandit=uniform rounds=1000 P0=2010 -> 3255 (Δ=-1245)
  start=greedy bandit=linucb rounds=0 P0=4775 -> 4775 (Δ=+0)
  start=greedy bandit=linucb rounds=50 P0=4775 -> 4305 (Δ=+470)
  start=greedy bandit=linucb rounds=100 P0=4775 -> 4410 (Δ=+365)
  start=greedy bandit=linucb rounds=250 P0=4775 -> 4015 (Δ=+760)
  start=greedy bandit=linucb rounds=500 P0=4775 -> 4000 (Δ=+775)
  start=greedy bandit=linucb rounds=1000 P0=4775 -> 3900 (Δ=+875)
  start=greedy bandit=uniform rounds=0 P0=4775 -> 4775 (Δ=+0)
  start=greedy bandit=uniform rounds=50 P0=4775 -> 4845 (Δ=-70)
  start=greedy bandit=uniform rounds=100 P0=4775 -> 4975 (Δ=-200)
  start=greedy bandit=uniform rounds=250 P0=4775 -> 4845 (Δ=-70)
  start=greedy bandit=uniform rounds=500 P0=4775 -> 4705 (Δ=+70)
  start=greedy bandit=uniform rounds=1000 P0=4775 -> 4170 (Δ=+605)
  start=mid bandit=linucb rounds=0 P0=4000 -> 4000 (Δ=+0)
  start=mid bandit=linucb rounds=50 P0=4000 -> 3770 (Δ=+230)
  start=mid bandit=linucb rounds=100 P0=4000 -> 3770 (Δ=+230)
  start=mid bandit=linucb rounds=250 P0=4000 -> 3895 (Δ=+105)
  start=mid bandit=linucb rounds=500 P0=4000 -> 4100 (Δ=-100)
  start=mid bandit=linucb rounds=1000 P0=4000 -> 3630 (Δ=+370)
  start=mid bandit=uniform rounds=0 P0=4000 -> 4000 (Δ=+0)
  start=mid bandit=uniform rounds=50 P0=4000 -> 4070 (Δ=-70)
  start=mid bandit=uniform rounds=100 P0=4000 -> 4055 (Δ=-55)
  start=mid bandit=uniform rounds=250 P0=4000 -> 4360 (Δ=-360)
  start=mid bandit=uniform rounds=500 P0=4000 -> 4090 (Δ=-90)
  start=mid bandit=uniform rounds=1000 P0=4000 -> 4095 (Δ=-95)
  start=bandp bandit=linucb rounds=0 P0=2010 -> 2010 (Δ=+0)
  start=bandp bandit=linucb rounds=50 P0=2010 -> 2010 (Δ=+0)
  start=bandp bandit=linucb rounds=100 P0=2010 -> 2010 (Δ=+0)
  start=bandp bandit=linucb rounds=250 P0=2010 -> 2370 (Δ=-360)
  start=bandp bandit=linucb rounds=500 P0=2010 -> 2510 (Δ=-500)
  start=bandp bandit=linucb rounds=1000 P0=2010 -> 2995 (Δ=-985)
  start=bandp bandit=uniform rounds=0 P0=2010 -> 2010 (Δ=+0)
  start=bandp bandit=uniform rounds=50 P0=2010 -> 2740 (Δ=-730)
  start=bandp bandit=uniform rounds=100 P0=2010 -> 3190 (Δ=-1180)
  start=bandp bandit=uniform rounds=250 P0=2010 -> 3555 (Δ=-1545)
  start=bandp bandit=uniform rounds=500 P0=2010 -> 3620 (Δ=-1610)
  start=bandp bandit=uniform rounds=1000 P0=2010 -> 3260 (Δ=-1250)

[exp11] n005w4 H2 W[6, 7, 8, 9]
  start=greedy bandit=linucb rounds=0 P0=5710 -> 5710 (Δ=+0)
  start=greedy bandit=linucb rounds=50 P0=5710 -> 4900 (Δ=+810)
  start=greedy bandit=linucb rounds=100 P0=5710 -> 4570 (Δ=+1140)
  start=greedy bandit=linucb rounds=250 P0=5710 -> 4350 (Δ=+1360)
  start=greedy bandit=linucb rounds=500 P0=5710 -> 4295 (Δ=+1415)
  start=greedy bandit=linucb rounds=1000 P0=5710 -> 4400 (Δ=+1310)
  start=greedy bandit=uniform rounds=0 P0=5710 -> 5710 (Δ=+0)
  start=greedy bandit=uniform rounds=50 P0=5710 -> 4515 (Δ=+1195)
  start=greedy bandit=uniform rounds=100 P0=5710 -> 4410 (Δ=+1300)
  start=greedy bandit=uniform rounds=250 P0=5710 -> 4435 (Δ=+1275)
  start=greedy bandit=uniform rounds=500 P0=5710 -> 4145 (Δ=+1565)
  start=greedy bandit=uniform rounds=1000 P0=5710 -> 4145 (Δ=+1565)
  start=mid bandit=linucb rounds=0 P0=4605 -> 4605 (Δ=+0)
  start=mid bandit=linucb rounds=50 P0=4605 -> 4320 (Δ=+285)
  start=mid bandit=linucb rounds=100 P0=4605 -> 3975 (Δ=+630)
  start=mid bandit=linucb rounds=250 P0=4605 -> 3945 (Δ=+660)
  start=mid bandit=linucb rounds=500 P0=4605 -> 3825 (Δ=+780)
  start=mid bandit=linucb rounds=1000 P0=4605 -> 3880 (Δ=+725)
  start=mid bandit=uniform rounds=0 P0=4605 -> 4605 (Δ=+0)
  start=mid bandit=uniform rounds=50 P0=4605 -> 4355 (Δ=+250)
  start=mid bandit=uniform rounds=100 P0=4605 -> 4630 (Δ=-25)
  start=mid bandit=uniform rounds=250 P0=4605 -> 4125 (Δ=+480)
  start=mid bandit=uniform rounds=500 P0=4605 -> 4140 (Δ=+465)
  start=mid bandit=uniform rounds=1000 P0=4605 -> 4220 (Δ=+385)
  start=bandp bandit=linucb rounds=0 P0=1720 -> 1720 (Δ=+0)
  start=bandp bandit=linucb rounds=50 P0=1720 -> 2355 (Δ=-635)
  start=bandp bandit=linucb rounds=100 P0=1720 -> 2350 (Δ=-630)
  start=bandp bandit=linucb rounds=250 P0=1720 -> 2360 (Δ=-640)
  start=bandp bandit=linucb rounds=500 P0=1720 -> 2295 (Δ=-575)
  start=bandp bandit=linucb rounds=1000 P0=1720 -> 2095 (Δ=-375)
  start=bandp bandit=uniform rounds=0 P0=1720 -> 1720 (Δ=+0)
  start=bandp bandit=uniform rounds=50 P0=1720 -> 2395 (Δ=-675)
  start=bandp bandit=uniform rounds=100 P0=1720 -> 2645 (Δ=-925)
  start=bandp bandit=uniform rounds=250 P0=1720 -> 3150 (Δ=-1430)
  start=bandp bandit=uniform rounds=500 P0=1720 -> 3160 (Δ=-1440)
  start=bandp bandit=uniform rounds=1000 P0=1720 -> 2805 (Δ=-1085)
  start=greedy bandit=linucb rounds=0 P0=5710 -> 5710 (Δ=+0)
  start=greedy bandit=linucb rounds=50 P0=5710 -> 4820 (Δ=+890)
  start=greedy bandit=linucb rounds=100 P0=5710 -> 4655 (Δ=+1055)
  start=greedy bandit=linucb rounds=250 P0=5710 -> 4280 (Δ=+1430)
  start=greedy bandit=linucb rounds=500 P0=5710 -> 3945 (Δ=+1765)
  start=greedy bandit=linucb rounds=1000 P0=5710 -> 4095 (Δ=+1615)
  start=greedy bandit=uniform rounds=0 P0=5710 -> 5710 (Δ=+0)
  start=greedy bandit=uniform rounds=50 P0=5710 -> 4815 (Δ=+895)
  start=greedy bandit=uniform rounds=100 P0=5710 -> 4950 (Δ=+760)
  start=greedy bandit=uniform rounds=250 P0=5710 -> 5070 (Δ=+640)
  start=greedy bandit=uniform rounds=500 P0=5710 -> 4265 (Δ=+1445)
  start=greedy bandit=uniform rounds=1000 P0=5710 -> 3980 (Δ=+1730)
  start=mid bandit=linucb rounds=0 P0=4325 -> 4325 (Δ=+0)
  start=mid bandit=linucb rounds=50 P0=4325 -> 4370 (Δ=-45)
  start=mid bandit=linucb rounds=100 P0=4325 -> 4255 (Δ=+70)
  start=mid bandit=linucb rounds=250 P0=4325 -> 4165 (Δ=+160)
  start=mid bandit=linucb rounds=500 P0=4325 -> 4135 (Δ=+190)
  start=mid bandit=linucb rounds=1000 P0=4325 -> 4135 (Δ=+190)
  start=mid bandit=uniform rounds=0 P0=4325 -> 4325 (Δ=+0)
  start=mid bandit=uniform rounds=50 P0=4325 -> 4110 (Δ=+215)
  start=mid bandit=uniform rounds=100 P0=4325 -> 4120 (Δ=+205)
  start=mid bandit=uniform rounds=250 P0=4325 -> 3590 (Δ=+735)
  start=mid bandit=uniform rounds=500 P0=4325 -> 4350 (Δ=-25)
  start=mid bandit=uniform rounds=1000 P0=4325 -> 4020 (Δ=+305)
  start=bandp bandit=linucb rounds=0 P0=1720 -> 1720 (Δ=+0)
  start=bandp bandit=linucb rounds=50 P0=1720 -> 2355 (Δ=-635)
  start=bandp bandit=linucb rounds=100 P0=1720 -> 2355 (Δ=-635)
  start=bandp bandit=linucb rounds=250 P0=1720 -> 2360 (Δ=-640)
  start=bandp bandit=linucb rounds=500 P0=1720 -> 2170 (Δ=-450)
  start=bandp bandit=linucb rounds=1000 P0=1720 -> 2470 (Δ=-750)
  start=bandp bandit=uniform rounds=0 P0=1720 -> 1720 (Δ=+0)
  start=bandp bandit=uniform rounds=50 P0=1720 -> 2430 (Δ=-710)
  start=bandp bandit=uniform rounds=100 P0=1720 -> 2640 (Δ=-920)
  start=bandp bandit=uniform rounds=250 P0=1720 -> 2995 (Δ=-1275)
  start=bandp bandit=uniform rounds=500 P0=1720 -> 2945 (Δ=-1225)
  start=bandp bandit=uniform rounds=1000 P0=1720 -> 3530 (Δ=-1810)
  start=greedy bandit=linucb rounds=0 P0=5710 -> 5710 (Δ=+0)
  start=greedy bandit=linucb rounds=50 P0=5710 -> 5245 (Δ=+465)
  start=greedy bandit=linucb rounds=100 P0=5710 -> 4945 (Δ=+765)
  start=greedy bandit=linucb rounds=250 P0=5710 -> 4465 (Δ=+1245)
  start=greedy bandit=linucb rounds=500 P0=5710 -> 3965 (Δ=+1745)
  start=greedy bandit=linucb rounds=1000 P0=5710 -> 3875 (Δ=+1835)
  start=greedy bandit=uniform rounds=0 P0=5710 -> 5710 (Δ=+0)
  start=greedy bandit=uniform rounds=50 P0=5710 -> 4840 (Δ=+870)
  start=greedy bandit=uniform rounds=100 P0=5710 -> 4780 (Δ=+930)
  start=greedy bandit=uniform rounds=250 P0=5710 -> 4670 (Δ=+1040)
  start=greedy bandit=uniform rounds=500 P0=5710 -> 4280 (Δ=+1430)
  start=greedy bandit=uniform rounds=1000 P0=5710 -> 4260 (Δ=+1450)
  start=mid bandit=linucb rounds=0 P0=4345 -> 4345 (Δ=+0)
  start=mid bandit=linucb rounds=50 P0=4345 -> 4145 (Δ=+200)
  start=mid bandit=linucb rounds=100 P0=4345 -> 4115 (Δ=+230)
  start=mid bandit=linucb rounds=250 P0=4345 -> 4005 (Δ=+340)
  start=mid bandit=linucb rounds=500 P0=4345 -> 4105 (Δ=+240)
  start=mid bandit=linucb rounds=1000 P0=4345 -> 3850 (Δ=+495)
  start=mid bandit=uniform rounds=0 P0=4345 -> 4345 (Δ=+0)
  start=mid bandit=uniform rounds=50 P0=4345 -> 4250 (Δ=+95)
  start=mid bandit=uniform rounds=100 P0=4345 -> 4260 (Δ=+85)
  start=mid bandit=uniform rounds=250 P0=4345 -> 3940 (Δ=+405)
  start=mid bandit=uniform rounds=500 P0=4345 -> 3980 (Δ=+365)
  start=mid bandit=uniform rounds=1000 P0=4345 -> 4190 (Δ=+155)
  start=bandp bandit=linucb rounds=0 P0=1720 -> 1720 (Δ=+0)
  start=bandp bandit=linucb rounds=50 P0=1720 -> 2320 (Δ=-600)
  start=bandp bandit=linucb rounds=100 P0=1720 -> 2355 (Δ=-635)
  start=bandp bandit=linucb rounds=250 P0=1720 -> 2510 (Δ=-790)
  start=bandp bandit=linucb rounds=500 P0=1720 -> 2265 (Δ=-545)
  start=bandp bandit=linucb rounds=1000 P0=1720 -> 2610 (Δ=-890)
  start=bandp bandit=uniform rounds=0 P0=1720 -> 1720 (Δ=+0)
  start=bandp bandit=uniform rounds=50 P0=1720 -> 2140 (Δ=-420)
  start=bandp bandit=uniform rounds=100 P0=1720 -> 2620 (Δ=-900)
  start=bandp bandit=uniform rounds=250 P0=1720 -> 3765 (Δ=-2045)
  start=bandp bandit=uniform rounds=500 P0=1720 -> 3345 (Δ=-1625)
  start=bandp bandit=uniform rounds=1000 P0=1720 -> 3245 (Δ=-1525)

[exp11] n012w8 H0 W[3, 5, 0, 2, 0, 4, 5, 2]
  start=greedy bandit=linucb rounds=0 P0=34950 -> 34950 (Δ=+0)
  start=greedy bandit=linucb rounds=50 P0=34950 -> 27450 (Δ=+7500)
  start=greedy bandit=linucb rounds=100 P0=34950 -> 22935 (Δ=+12015)
  start=greedy bandit=linucb rounds=250 P0=34950 -> 20425 (Δ=+14525)
  start=greedy bandit=linucb rounds=500 P0=34950 -> 17005 (Δ=+17945)
  start=greedy bandit=linucb rounds=1000 P0=34950 -> 15650 (Δ=+19300)
  start=greedy bandit=uniform rounds=0 P0=34950 -> 34950 (Δ=+0)
  start=greedy bandit=uniform rounds=50 P0=34950 -> 31515 (Δ=+3435)
  start=greedy bandit=uniform rounds=100 P0=34950 -> 28890 (Δ=+6060)
  start=greedy bandit=uniform rounds=250 P0=34950 -> 24730 (Δ=+10220)
  start=greedy bandit=uniform rounds=500 P0=34950 -> 20800 (Δ=+14150)
  start=greedy bandit=uniform rounds=1000 P0=34950 -> 20140 (Δ=+14810)
  start=mid bandit=linucb rounds=0 P0=21265 -> 21265 (Δ=+0)
  start=mid bandit=linucb rounds=50 P0=21265 -> 19260 (Δ=+2005)
  start=mid bandit=linucb rounds=100 P0=21265 -> 18495 (Δ=+2770)
  start=mid bandit=linucb rounds=250 P0=21265 -> 17445 (Δ=+3820)
  start=mid bandit=linucb rounds=500 P0=21265 -> 17360 (Δ=+3905)
  start=mid bandit=linucb rounds=1000 P0=21265 -> 15000 (Δ=+6265)
  start=mid bandit=uniform rounds=0 P0=21265 -> 21265 (Δ=+0)
  start=mid bandit=uniform rounds=50 P0=21265 -> 20740 (Δ=+525)
  start=mid bandit=uniform rounds=100 P0=21265 -> 19850 (Δ=+1415)
  start=mid bandit=uniform rounds=250 P0=21265 -> 18150 (Δ=+3115)
  start=mid bandit=uniform rounds=500 P0=21265 -> 18565 (Δ=+2700)
  start=mid bandit=uniform rounds=1000 P0=21265 -> 17360 (Δ=+3905)
  start=bandp bandit=linucb rounds=0 P0=3295 -> 3295 (Δ=+0)
  start=bandp bandit=linucb rounds=50 P0=3295 -> 3600 (Δ=-305)
  start=bandp bandit=linucb rounds=100 P0=3295 -> 3710 (Δ=-415)
  start=bandp bandit=linucb rounds=250 P0=3295 -> 3985 (Δ=-690)
  start=bandp bandit=linucb rounds=500 P0=3295 -> 4480 (Δ=-1185)
  start=bandp bandit=linucb rounds=1000 P0=3295 -> 4735 (Δ=-1440)
  start=bandp bandit=uniform rounds=0 P0=3295 -> 3295 (Δ=+0)
  start=bandp bandit=uniform rounds=50 P0=3295 -> 5805 (Δ=-2510)
  start=bandp bandit=uniform rounds=100 P0=3295 -> 7960 (Δ=-4665)
  start=bandp bandit=uniform rounds=250 P0=3295 -> 9545 (Δ=-6250)
  start=bandp bandit=uniform rounds=500 P0=3295 -> 11220 (Δ=-7925)
  start=bandp bandit=uniform rounds=1000 P0=3295 -> 11520 (Δ=-8225)
  start=greedy bandit=linucb rounds=0 P0=34950 -> 34950 (Δ=+0)
  start=greedy bandit=linucb rounds=50 P0=34950 -> 28330 (Δ=+6620)
  start=greedy bandit=linucb rounds=100 P0=34950 -> 25915 (Δ=+9035)
  start=greedy bandit=linucb rounds=250 P0=34950 -> 21980 (Δ=+12970)
  start=greedy bandit=linucb rounds=500 P0=34950 -> 18530 (Δ=+16420)
  start=greedy bandit=linucb rounds=1000 P0=34950 -> 17220 (Δ=+17730)
  start=greedy bandit=uniform rounds=0 P0=34950 -> 34950 (Δ=+0)
  start=greedy bandit=uniform rounds=50 P0=34950 -> 29340 (Δ=+5610)
  start=greedy bandit=uniform rounds=100 P0=34950 -> 28080 (Δ=+6870)
  start=greedy bandit=uniform rounds=250 P0=34950 -> 26220 (Δ=+8730)
  start=greedy bandit=uniform rounds=500 P0=34950 -> 22290 (Δ=+12660)
  start=greedy bandit=uniform rounds=1000 P0=34950 -> 16970 (Δ=+17980)
  start=mid bandit=linucb rounds=0 P0=23245 -> 23245 (Δ=+0)
  start=mid bandit=linucb rounds=50 P0=23245 -> 21855 (Δ=+1390)
  start=mid bandit=linucb rounds=100 P0=23245 -> 20650 (Δ=+2595)
  start=mid bandit=linucb rounds=250 P0=23245 -> 20190 (Δ=+3055)
  start=mid bandit=linucb rounds=500 P0=23245 -> 18660 (Δ=+4585)
  start=mid bandit=linucb rounds=1000 P0=23245 -> 15855 (Δ=+7390)
  start=mid bandit=uniform rounds=0 P0=23245 -> 23245 (Δ=+0)
  start=mid bandit=uniform rounds=50 P0=23245 -> 21700 (Δ=+1545)
  start=mid bandit=uniform rounds=100 P0=23245 -> 21540 (Δ=+1705)
  start=mid bandit=uniform rounds=250 P0=23245 -> 19405 (Δ=+3840)
  start=mid bandit=uniform rounds=500 P0=23245 -> 19600 (Δ=+3645)
  start=mid bandit=uniform rounds=1000 P0=23245 -> 18855 (Δ=+4390)
  start=bandp bandit=linucb rounds=0 P0=3295 -> 3295 (Δ=+0)
  start=bandp bandit=linucb rounds=50 P0=3295 -> 3520 (Δ=-225)
  start=bandp bandit=linucb rounds=100 P0=3295 -> 3760 (Δ=-465)
  start=bandp bandit=linucb rounds=250 P0=3295 -> 4090 (Δ=-795)
  start=bandp bandit=linucb rounds=500 P0=3295 -> 4515 (Δ=-1220)
  start=bandp bandit=linucb rounds=1000 P0=3295 -> 4730 (Δ=-1435)
  start=bandp bandit=uniform rounds=0 P0=3295 -> 3295 (Δ=+0)
  start=bandp bandit=uniform rounds=50 P0=3295 -> 5715 (Δ=-2420)
  start=bandp bandit=uniform rounds=100 P0=3295 -> 7145 (Δ=-3850)
  start=bandp bandit=uniform rounds=250 P0=3295 -> 10170 (Δ=-6875)
  start=bandp bandit=uniform rounds=500 P0=3295 -> 11430 (Δ=-8135)
  start=bandp bandit=uniform rounds=1000 P0=3295 -> 12025 (Δ=-8730)
  start=greedy bandit=linucb rounds=0 P0=34950 -> 34950 (Δ=+0)
  start=greedy bandit=linucb rounds=50 P0=34950 -> 29740 (Δ=+5210)
  start=greedy bandit=linucb rounds=100 P0=34950 -> 25770 (Δ=+9180)
  start=greedy bandit=linucb rounds=250 P0=34950 -> 20800 (Δ=+14150)
  start=greedy bandit=linucb rounds=500 P0=34950 -> 17035 (Δ=+17915)
  start=greedy bandit=linucb rounds=1000 P0=34950 -> 15980 (Δ=+18970)
  start=greedy bandit=uniform rounds=0 P0=34950 -> 34950 (Δ=+0)
  start=greedy bandit=uniform rounds=50 P0=34950 -> 31430 (Δ=+3520)
  start=greedy bandit=uniform rounds=100 P0=34950 -> 29595 (Δ=+5355)
  start=greedy bandit=uniform rounds=250 P0=34950 -> 25605 (Δ=+9345)
  start=greedy bandit=uniform rounds=500 P0=34950 -> 21760 (Δ=+13190)
  start=greedy bandit=uniform rounds=1000 P0=34950 -> 18940 (Δ=+16010)
  start=mid bandit=linucb rounds=0 P0=21795 -> 21795 (Δ=+0)
  start=mid bandit=linucb rounds=50 P0=21795 -> 20410 (Δ=+1385)
  start=mid bandit=linucb rounds=100 P0=21795 -> 19210 (Δ=+2585)
  start=mid bandit=linucb rounds=250 P0=21795 -> 18180 (Δ=+3615)
  start=mid bandit=linucb rounds=500 P0=21795 -> 16450 (Δ=+5345)
  start=mid bandit=linucb rounds=1000 P0=21795 -> 15145 (Δ=+6650)
  start=mid bandit=uniform rounds=0 P0=21795 -> 21795 (Δ=+0)
  start=mid bandit=uniform rounds=50 P0=21795 -> 22020 (Δ=-225)
  start=mid bandit=uniform rounds=100 P0=21795 -> 21445 (Δ=+350)
  start=mid bandit=uniform rounds=250 P0=21795 -> 21460 (Δ=+335)
  start=mid bandit=uniform rounds=500 P0=21795 -> 20955 (Δ=+840)
  start=mid bandit=uniform rounds=1000 P0=21795 -> 17395 (Δ=+4400)
  start=bandp bandit=linucb rounds=0 P0=3295 -> 3295 (Δ=+0)
  start=bandp bandit=linucb rounds=50 P0=3295 -> 3800 (Δ=-505)
  start=bandp bandit=linucb rounds=100 P0=3295 -> 3915 (Δ=-620)
  start=bandp bandit=linucb rounds=250 P0=3295 -> 4340 (Δ=-1045)
  start=bandp bandit=linucb rounds=500 P0=3295 -> 4725 (Δ=-1430)
  start=bandp bandit=linucb rounds=1000 P0=3295 -> 4560 (Δ=-1265)
  start=bandp bandit=uniform rounds=0 P0=3295 -> 3295 (Δ=+0)
  start=bandp bandit=uniform rounds=50 P0=3295 -> 6175 (Δ=-2880)
  start=bandp bandit=uniform rounds=100 P0=3295 -> 7700 (Δ=-4405)
  start=bandp bandit=uniform rounds=250 P0=3295 -> 10205 (Δ=-6910)
  start=bandp bandit=uniform rounds=500 P0=3295 -> 11010 (Δ=-7715)
  start=bandp bandit=uniform rounds=1000 P0=3295 -> 12455 (Δ=-9160)

[exp11] n012w8 H1 W[7, 7, 0, 8, 9, 3, 2, 6]
  start=greedy bandit=linucb rounds=0 P0=34745 -> 34745 (Δ=+0)
  start=greedy bandit=linucb rounds=50 P0=34745 -> 31060 (Δ=+3685)
  start=greedy bandit=linucb rounds=100 P0=34745 -> 27940 (Δ=+6805)
  start=greedy bandit=linucb rounds=250 P0=34745 -> 23765 (Δ=+10980)
  start=greedy bandit=linucb rounds=500 P0=34745 -> 19545 (Δ=+15200)
  start=greedy bandit=linucb rounds=1000 P0=34745 -> 17200 (Δ=+17545)
  start=greedy bandit=uniform rounds=0 P0=34745 -> 34745 (Δ=+0)
  start=greedy bandit=uniform rounds=50 P0=34745 -> 32295 (Δ=+2450)
  start=greedy bandit=uniform rounds=100 P0=34745 -> 30295 (Δ=+4450)
  start=greedy bandit=uniform rounds=250 P0=34745 -> 25805 (Δ=+8940)
  start=greedy bandit=uniform rounds=500 P0=34745 -> 22195 (Δ=+12550)
  start=greedy bandit=uniform rounds=1000 P0=34745 -> 18080 (Δ=+16665)
  start=mid bandit=linucb rounds=0 P0=25700 -> 25700 (Δ=+0)
  start=mid bandit=linucb rounds=50 P0=25700 -> 23560 (Δ=+2140)
  start=mid bandit=linucb rounds=100 P0=25700 -> 21940 (Δ=+3760)
  start=mid bandit=linucb rounds=250 P0=25700 -> 18405 (Δ=+7295)
  start=mid bandit=linucb rounds=500 P0=25700 -> 16645 (Δ=+9055)
  start=mid bandit=linucb rounds=1000 P0=25700 -> 16500 (Δ=+9200)
  start=mid bandit=uniform rounds=0 P0=25700 -> 25700 (Δ=+0)
  start=mid bandit=uniform rounds=50 P0=25700 -> 24300 (Δ=+1400)
  start=mid bandit=uniform rounds=100 P0=25700 -> 22705 (Δ=+2995)
  start=mid bandit=uniform rounds=250 P0=25700 -> 20885 (Δ=+4815)
  start=mid bandit=uniform rounds=500 P0=25700 -> 19990 (Δ=+5710)
  start=mid bandit=uniform rounds=1000 P0=25700 -> 17460 (Δ=+8240)
  start=bandp bandit=linucb rounds=0 P0=3805 -> 3805 (Δ=+0)
  start=bandp bandit=linucb rounds=50 P0=3805 -> 4295 (Δ=-490)
  start=bandp bandit=linucb rounds=100 P0=3805 -> 4715 (Δ=-910)
  start=bandp bandit=linucb rounds=250 P0=3805 -> 4925 (Δ=-1120)
  start=bandp bandit=linucb rounds=500 P0=3805 -> 5180 (Δ=-1375)
  start=bandp bandit=linucb rounds=1000 P0=3805 -> 5195 (Δ=-1390)
  start=bandp bandit=uniform rounds=0 P0=3805 -> 3805 (Δ=+0)
  start=bandp bandit=uniform rounds=50 P0=3805 -> 7415 (Δ=-3610)
  start=bandp bandit=uniform rounds=100 P0=3805 -> 9125 (Δ=-5320)
  start=bandp bandit=uniform rounds=250 P0=3805 -> 9700 (Δ=-5895)
  start=bandp bandit=uniform rounds=500 P0=3805 -> 10710 (Δ=-6905)
  start=bandp bandit=uniform rounds=1000 P0=3805 -> 11555 (Δ=-7750)
  start=greedy bandit=linucb rounds=0 P0=34745 -> 34745 (Δ=+0)
  start=greedy bandit=linucb rounds=50 P0=34745 -> 29490 (Δ=+5255)
  start=greedy bandit=linucb rounds=100 P0=34745 -> 26180 (Δ=+8565)
  start=greedy bandit=linucb rounds=250 P0=34745 -> 22690 (Δ=+12055)
  start=greedy bandit=linucb rounds=500 P0=34745 -> 19545 (Δ=+15200)
  start=greedy bandit=linucb rounds=1000 P0=34745 -> 16890 (Δ=+17855)
  start=greedy bandit=uniform rounds=0 P0=34745 -> 34745 (Δ=+0)
  start=greedy bandit=uniform rounds=50 P0=34745 -> 31945 (Δ=+2800)
  start=greedy bandit=uniform rounds=100 P0=34745 -> 29660 (Δ=+5085)
  start=greedy bandit=uniform rounds=250 P0=34745 -> 25525 (Δ=+9220)
  start=greedy bandit=uniform rounds=500 P0=34745 -> 22845 (Δ=+11900)
  start=greedy bandit=uniform rounds=1000 P0=34745 -> 19610 (Δ=+15135)
  start=mid bandit=linucb rounds=0 P0=23625 -> 23625 (Δ=+0)
  start=mid bandit=linucb rounds=50 P0=23625 -> 22735 (Δ=+890)
  start=mid bandit=linucb rounds=100 P0=23625 -> 21700 (Δ=+1925)
  start=mid bandit=linucb rounds=250 P0=23625 -> 19395 (Δ=+4230)
  start=mid bandit=linucb rounds=500 P0=23625 -> 16845 (Δ=+6780)
  start=mid bandit=linucb rounds=1000 P0=23625 -> 15430 (Δ=+8195)
  start=mid bandit=uniform rounds=0 P0=23625 -> 23625 (Δ=+0)
  start=mid bandit=uniform rounds=50 P0=23625 -> 22320 (Δ=+1305)
  start=mid bandit=uniform rounds=100 P0=23625 -> 21105 (Δ=+2520)
  start=mid bandit=uniform rounds=250 P0=23625 -> 19450 (Δ=+4175)
  start=mid bandit=uniform rounds=500 P0=23625 -> 18225 (Δ=+5400)
  start=mid bandit=uniform rounds=1000 P0=23625 -> 16360 (Δ=+7265)
  start=bandp bandit=linucb rounds=0 P0=3805 -> 3805 (Δ=+0)
  start=bandp bandit=linucb rounds=50 P0=3805 -> 4295 (Δ=-490)
  start=bandp bandit=linucb rounds=100 P0=3805 -> 4765 (Δ=-960)
  start=bandp bandit=linucb rounds=250 P0=3805 -> 4850 (Δ=-1045)
  start=bandp bandit=linucb rounds=500 P0=3805 -> 4910 (Δ=-1105)
  start=bandp bandit=linucb rounds=1000 P0=3805 -> 5560 (Δ=-1755)
  start=bandp bandit=uniform rounds=0 P0=3805 -> 3805 (Δ=+0)
  start=bandp bandit=uniform rounds=50 P0=3805 -> 6530 (Δ=-2725)
  start=bandp bandit=uniform rounds=100 P0=3805 -> 8510 (Δ=-4705)
  start=bandp bandit=uniform rounds=250 P0=3805 -> 10240 (Δ=-6435)
  start=bandp bandit=uniform rounds=500 P0=3805 -> 11485 (Δ=-7680)
  start=bandp bandit=uniform rounds=1000 P0=3805 -> 12290 (Δ=-8485)
  start=greedy bandit=linucb rounds=0 P0=34745 -> 34745 (Δ=+0)
  start=greedy bandit=linucb rounds=50 P0=34745 -> 30675 (Δ=+4070)
  start=greedy bandit=linucb rounds=100 P0=34745 -> 28235 (Δ=+6510)
  start=greedy bandit=linucb rounds=250 P0=34745 -> 24340 (Δ=+10405)
  start=greedy bandit=linucb rounds=500 P0=34745 -> 20090 (Δ=+14655)
  start=greedy bandit=linucb rounds=1000 P0=34745 -> 17045 (Δ=+17700)
  start=greedy bandit=uniform rounds=0 P0=34745 -> 34745 (Δ=+0)
  start=greedy bandit=uniform rounds=50 P0=34745 -> 32415 (Δ=+2330)
  start=greedy bandit=uniform rounds=100 P0=34745 -> 29525 (Δ=+5220)
  start=greedy bandit=uniform rounds=250 P0=34745 -> 27185 (Δ=+7560)
  start=greedy bandit=uniform rounds=500 P0=34745 -> 23375 (Δ=+11370)
  start=greedy bandit=uniform rounds=1000 P0=34745 -> 20820 (Δ=+13925)
  start=mid bandit=linucb rounds=0 P0=25335 -> 25335 (Δ=+0)
  start=mid bandit=linucb rounds=50 P0=25335 -> 24175 (Δ=+1160)
  start=mid bandit=linucb rounds=100 P0=25335 -> 23035 (Δ=+2300)
  start=mid bandit=linucb rounds=250 P0=25335 -> 20995 (Δ=+4340)
  start=mid bandit=linucb rounds=500 P0=25335 -> 16690 (Δ=+8645)
  start=mid bandit=linucb rounds=1000 P0=25335 -> 16240 (Δ=+9095)
  start=mid bandit=uniform rounds=0 P0=25335 -> 25335 (Δ=+0)
  start=mid bandit=uniform rounds=50 P0=25335 -> 23025 (Δ=+2310)
  start=mid bandit=uniform rounds=100 P0=25335 -> 23015 (Δ=+2320)
  start=mid bandit=uniform rounds=250 P0=25335 -> 20220 (Δ=+5115)
  start=mid bandit=uniform rounds=500 P0=25335 -> 18480 (Δ=+6855)
  start=mid bandit=uniform rounds=1000 P0=25335 -> 17750 (Δ=+7585)
  start=bandp bandit=linucb rounds=0 P0=3805 -> 3805 (Δ=+0)
  start=bandp bandit=linucb rounds=50 P0=3805 -> 4150 (Δ=-345)
  start=bandp bandit=linucb rounds=100 P0=3805 -> 4660 (Δ=-855)
  start=bandp bandit=linucb rounds=250 P0=3805 -> 4695 (Δ=-890)
  start=bandp bandit=linucb rounds=500 P0=3805 -> 5150 (Δ=-1345)
  start=bandp bandit=linucb rounds=1000 P0=3805 -> 5355 (Δ=-1550)
  start=bandp bandit=uniform rounds=0 P0=3805 -> 3805 (Δ=+0)
  start=bandp bandit=uniform rounds=50 P0=3805 -> 6580 (Δ=-2775)
  start=bandp bandit=uniform rounds=100 P0=3805 -> 7445 (Δ=-3640)
  start=bandp bandit=uniform rounds=250 P0=3805 -> 8660 (Δ=-4855)
  start=bandp bandit=uniform rounds=500 P0=3805 -> 10180 (Δ=-6375)
  start=bandp bandit=uniform rounds=1000 P0=3805 -> 11470 (Δ=-7665)

[exp11] n012w8 H2 W[4, 5, 6, 7, 2, 1, 2, 1]
  start=greedy bandit=linucb rounds=0 P0=34570 -> 34570 (Δ=+0)
  start=greedy bandit=linucb rounds=50 P0=34570 -> 29025 (Δ=+5545)
  start=greedy bandit=linucb rounds=100 P0=34570 -> 26200 (Δ=+8370)
  start=greedy bandit=linucb rounds=250 P0=34570 -> 22235 (Δ=+12335)
  start=greedy bandit=linucb rounds=500 P0=34570 -> 18940 (Δ=+15630)
  start=greedy bandit=linucb rounds=1000 P0=34570 -> 17260 (Δ=+17310)
  start=greedy bandit=uniform rounds=0 P0=34570 -> 34570 (Δ=+0)
  start=greedy bandit=uniform rounds=50 P0=34570 -> 32960 (Δ=+1610)
  start=greedy bandit=uniform rounds=100 P0=34570 -> 30575 (Δ=+3995)
  start=greedy bandit=uniform rounds=250 P0=34570 -> 27305 (Δ=+7265)
  start=greedy bandit=uniform rounds=500 P0=34570 -> 23375 (Δ=+11195)
  start=greedy bandit=uniform rounds=1000 P0=34570 -> 18815 (Δ=+15755)
  start=mid bandit=linucb rounds=0 P0=23695 -> 23695 (Δ=+0)
  start=mid bandit=linucb rounds=50 P0=23695 -> 21910 (Δ=+1785)
  start=mid bandit=linucb rounds=100 P0=23695 -> 20645 (Δ=+3050)
  start=mid bandit=linucb rounds=250 P0=23695 -> 19965 (Δ=+3730)
  start=mid bandit=linucb rounds=500 P0=23695 -> 16905 (Δ=+6790)
  start=mid bandit=linucb rounds=1000 P0=23695 -> 16145 (Δ=+7550)
  start=mid bandit=uniform rounds=0 P0=23695 -> 23695 (Δ=+0)
  start=mid bandit=uniform rounds=50 P0=23695 -> 22650 (Δ=+1045)
  start=mid bandit=uniform rounds=100 P0=23695 -> 22015 (Δ=+1680)
  start=mid bandit=uniform rounds=250 P0=23695 -> 20810 (Δ=+2885)
  start=mid bandit=uniform rounds=500 P0=23695 -> 18380 (Δ=+5315)
  start=mid bandit=uniform rounds=1000 P0=23695 -> 18065 (Δ=+5630)
  start=bandp bandit=linucb rounds=0 P0=3745 -> 3745 (Δ=+0)
  start=bandp bandit=linucb rounds=50 P0=3745 -> 4185 (Δ=-440)
  start=bandp bandit=linucb rounds=100 P0=3745 -> 4185 (Δ=-440)
  start=bandp bandit=linucb rounds=250 P0=3745 -> 4295 (Δ=-550)
  start=bandp bandit=linucb rounds=500 P0=3745 -> 4655 (Δ=-910)
  start=bandp bandit=linucb rounds=1000 P0=3745 -> 5155 (Δ=-1410)
  start=bandp bandit=uniform rounds=0 P0=3745 -> 3745 (Δ=+0)
  start=bandp bandit=uniform rounds=50 P0=3745 -> 6105 (Δ=-2360)
  start=bandp bandit=uniform rounds=100 P0=3745 -> 7560 (Δ=-3815)
  start=bandp bandit=uniform rounds=250 P0=3745 -> 9010 (Δ=-5265)
  start=bandp bandit=uniform rounds=500 P0=3745 -> 12005 (Δ=-8260)
  start=bandp bandit=uniform rounds=1000 P0=3745 -> 12430 (Δ=-8685)
  start=greedy bandit=linucb rounds=0 P0=34570 -> 34570 (Δ=+0)
  start=greedy bandit=linucb rounds=50 P0=34570 -> 28235 (Δ=+6335)
  start=greedy bandit=linucb rounds=100 P0=34570 -> 26030 (Δ=+8540)
  start=greedy bandit=linucb rounds=250 P0=34570 -> 21435 (Δ=+13135)
  start=greedy bandit=linucb rounds=500 P0=34570 -> 18700 (Δ=+15870)
  start=greedy bandit=linucb rounds=1000 P0=34570 -> 16225 (Δ=+18345)
  start=greedy bandit=uniform rounds=0 P0=34570 -> 34570 (Δ=+0)
  start=greedy bandit=uniform rounds=50 P0=34570 -> 31300 (Δ=+3270)
  start=greedy bandit=uniform rounds=100 P0=34570 -> 29605 (Δ=+4965)
  start=greedy bandit=uniform rounds=250 P0=34570 -> 26050 (Δ=+8520)
  start=greedy bandit=uniform rounds=500 P0=34570 -> 21890 (Δ=+12680)
  start=greedy bandit=uniform rounds=1000 P0=34570 -> 18310 (Δ=+16260)
  start=mid bandit=linucb rounds=0 P0=21875 -> 21875 (Δ=+0)
  start=mid bandit=linucb rounds=50 P0=21875 -> 21025 (Δ=+850)
  start=mid bandit=linucb rounds=100 P0=21875 -> 19270 (Δ=+2605)
  start=mid bandit=linucb rounds=250 P0=21875 -> 17145 (Δ=+4730)
  start=mid bandit=linucb rounds=500 P0=21875 -> 16520 (Δ=+5355)
  start=mid bandit=linucb rounds=1000 P0=21875 -> 16340 (Δ=+5535)
  start=mid bandit=uniform rounds=0 P0=21875 -> 21875 (Δ=+0)
  start=mid bandit=uniform rounds=50 P0=21875 -> 20795 (Δ=+1080)
  start=mid bandit=uniform rounds=100 P0=21875 -> 20420 (Δ=+1455)
  start=mid bandit=uniform rounds=250 P0=21875 -> 21215 (Δ=+660)
  start=mid bandit=uniform rounds=500 P0=21875 -> 20005 (Δ=+1870)
  start=mid bandit=uniform rounds=1000 P0=21875 -> 18320 (Δ=+3555)
  start=bandp bandit=linucb rounds=0 P0=3745 -> 3745 (Δ=+0)
  start=bandp bandit=linucb rounds=50 P0=3745 -> 4310 (Δ=-565)
  start=bandp bandit=linucb rounds=100 P0=3745 -> 4145 (Δ=-400)
  start=bandp bandit=linucb rounds=250 P0=3745 -> 4945 (Δ=-1200)
  start=bandp bandit=linucb rounds=500 P0=3745 -> 4970 (Δ=-1225)
  start=bandp bandit=linucb rounds=1000 P0=3745 -> 6170 (Δ=-2425)
  start=bandp bandit=uniform rounds=0 P0=3745 -> 3745 (Δ=+0)
  start=bandp bandit=uniform rounds=50 P0=3745 -> 6245 (Δ=-2500)
  start=bandp bandit=uniform rounds=100 P0=3745 -> 8130 (Δ=-4385)
  start=bandp bandit=uniform rounds=250 P0=3745 -> 10585 (Δ=-6840)
  start=bandp bandit=uniform rounds=500 P0=3745 -> 11730 (Δ=-7985)
  start=bandp bandit=uniform rounds=1000 P0=3745 -> 12715 (Δ=-8970)
  start=greedy bandit=linucb rounds=0 P0=34570 -> 34570 (Δ=+0)
  start=greedy bandit=linucb rounds=50 P0=34570 -> 30315 (Δ=+4255)
  start=greedy bandit=linucb rounds=100 P0=34570 -> 26265 (Δ=+8305)
  start=greedy bandit=linucb rounds=250 P0=34570 -> 22715 (Δ=+11855)
  start=greedy bandit=linucb rounds=500 P0=34570 -> 18770 (Δ=+15800)
  start=greedy bandit=linucb rounds=1000 P0=34570 -> 17160 (Δ=+17410)
  start=greedy bandit=uniform rounds=0 P0=34570 -> 34570 (Δ=+0)
  start=greedy bandit=uniform rounds=50 P0=34570 -> 32885 (Δ=+1685)
  start=greedy bandit=uniform rounds=100 P0=34570 -> 31635 (Δ=+2935)
  start=greedy bandit=uniform rounds=250 P0=34570 -> 25540 (Δ=+9030)
  start=greedy bandit=uniform rounds=500 P0=34570 -> 22415 (Δ=+12155)
  start=greedy bandit=uniform rounds=1000 P0=34570 -> 19295 (Δ=+15275)
  start=mid bandit=linucb rounds=0 P0=24210 -> 24210 (Δ=+0)
  start=mid bandit=linucb rounds=50 P0=24210 -> 22495 (Δ=+1715)
  start=mid bandit=linucb rounds=100 P0=24210 -> 21330 (Δ=+2880)
  start=mid bandit=linucb rounds=250 P0=24210 -> 20140 (Δ=+4070)
  start=mid bandit=linucb rounds=500 P0=24210 -> 17180 (Δ=+7030)
  start=mid bandit=linucb rounds=1000 P0=24210 -> 16910 (Δ=+7300)
  start=mid bandit=uniform rounds=0 P0=24210 -> 24210 (Δ=+0)
  start=mid bandit=uniform rounds=50 P0=24210 -> 23140 (Δ=+1070)
  start=mid bandit=uniform rounds=100 P0=24210 -> 22285 (Δ=+1925)
  start=mid bandit=uniform rounds=250 P0=24210 -> 21640 (Δ=+2570)
  start=mid bandit=uniform rounds=500 P0=24210 -> 19740 (Δ=+4470)
  start=mid bandit=uniform rounds=1000 P0=24210 -> 18485 (Δ=+5725)
  start=bandp bandit=linucb rounds=0 P0=3745 -> 3745 (Δ=+0)
  start=bandp bandit=linucb rounds=50 P0=3745 -> 4365 (Δ=-620)
  start=bandp bandit=linucb rounds=100 P0=3745 -> 4540 (Δ=-795)
  start=bandp bandit=linucb rounds=250 P0=3745 -> 4410 (Δ=-665)
  start=bandp bandit=linucb rounds=500 P0=3745 -> 4800 (Δ=-1055)
  start=bandp bandit=linucb rounds=1000 P0=3745 -> 4810 (Δ=-1065)
  start=bandp bandit=uniform rounds=0 P0=3745 -> 3745 (Δ=+0)
  start=bandp bandit=uniform rounds=50 P0=3745 -> 7530 (Δ=-3785)
  start=bandp bandit=uniform rounds=100 P0=3745 -> 9360 (Δ=-5615)
  start=bandp bandit=uniform rounds=250 P0=3745 -> 11035 (Δ=-7290)
  start=bandp bandit=uniform rounds=500 P0=3745 -> 11310 (Δ=-7565)
  start=bandp bandit=uniform rounds=1000 P0=3745 -> 12540 (Δ=-8795)

[exp11] done in 413.1s, wrote /Users/achu/Projects/INRC-2-Contextual-Bandits/experiments/exp11_ood_repair/results/curves.jsonl
